<?xml version="1.0" encoding="UTF-8"?>
<!-- Generated by org.testng.reporters.JUnitReportReporter -->
<testsuite name="com.qa.tests.PostApiTest" tests="2" time="3.537" ignored="0" failures="0" timestamp="17 Aug 2020 13:35:50 GMT" skipped="0" hostname="LK_LP_661" errors="0">
  <testcase name="test" time="3.072" classname="com.qa.tests.PostApiTest"/>
  <testcase name="getUser" time="0.465" classname="com.qa.tests.PostApiTest"/>
</testsuite> <!-- com.qa.tests.PostApiTest -->
