<?xml version="1.0" encoding="UTF-8"?>
<!-- Generated by org.testng.reporters.JUnitReportReporter -->
<testsuite name="com.qa.tests.PostApiTest" tests="2" time="45.800" ignored="0" failures="0" timestamp="17 Aug 2020 08:36:02 GMT" skipped="0" hostname="LK_LP_661" errors="0">
  <testcase name="getUser" time="20.419" classname="com.qa.tests.PostApiTest"/>
  <testcase name="test" time="25.381" classname="com.qa.tests.PostApiTest"/>
</testsuite> <!-- com.qa.tests.PostApiTest -->
